<?xml version="1.0" encoding="UTF-8"?>
<!-- Generated by org.testng.reporters.JUnitReportReporter -->
<testsuite hostname="DESKTOP-MCFBCL3" failures="0" tests="2" name="com.uask.tests.ChatSecurityInjectionHandlingTest" time="30.175" errors="0" timestamp="2025-10-01T22:42:09 GST" skipped="0">
  <testcase classname="com.uask.tests.ChatSecurityInjectionHandlingTest" name="tc01VerifyChatInputSanitization" time="15.397"/>
  <testcase classname="com.uask.tests.ChatSecurityInjectionHandlingTest" name="tc02VerifyAIIgnoresMaliciousPrompts" time="14.778"/>
</testsuite> <!-- com.uask.tests.ChatSecurityInjectionHandlingTest -->
