<?xml version="1.0" encoding="UTF-8"?>
<!-- Generated by org.testng.reporters.JUnitReportReporter -->
<testsuite hostname="DESKTOP-MCFBCL3" failures="0" tests="1" name="com.uask.tests.ChatAPITest" time="39.083" errors="0" timestamp="2025-10-22T20:02:54 GST" skipped="0">
  <testcase classname="com.uask.tests.ChatAPITest" name="tc01VerifyHelpfulResponse" time="39.083">
    <system-out>
      <![CDATA[tc01VerifyHelpfulResponse: Verify that user able to see helpful ai response<br>
<span>Response is clear and helpful response to common public service queries</span><br>
<span style='color:green;'>Test Passed</span><br>]]>
    </system-out>
  </testcase> <!-- tc01VerifyHelpfulResponse -->
  <system-out>
    <![CDATA[Starting test: tc01VerifyHelpfulResponse<br>
tc01VerifyHelpfulResponse: Verify that user able to see helpful ai response<br>
<span>Response is clear and helpful response to common public service queries</span><br>
<span style='color:green;'>Test Passed</span><br>
<br><b>Test Result Table:</b><br><table border='1' cellspacing='0' cellpadding='5' style='width:100%; border-collapse:collapse; font-size:12px;'><tr style='background-color:#f2f2f2;'><th>Timestamp</th><th>Question</th><th>Expected</th><th>Actual</th><th>Similarity</th><th>Status</th></tr><tr style='background-color:#d4edda;'><td style='border:1px solid #ccc; padding:5px; vertical-align:top;'>2025-10-22 20:02:52</td><td style='border:1px solid #ccc; padding:5px; vertical-align:top;'>How can I apply for a new Emirates ID card?</td><td style='border:1px solid #ccc; padding:5px; vertical-align:top;'>To apply for a new Emirates ID, you need to check eligibility, submit required documents (passport or birth certificate, visa, proof of address), visit ICA website or authorized typing center, provide biometrics, pay the fee, and collect your card.</td><td style='border:1px solid #ccc; padding:5px; vertical-align:top;'>## Step-by-Step Guide: How to Apply for a New Emirates ID Card<br><br>Applying for a new Emirates ID card is a mandatory process for all UAE citizens, residents, and even newborns. Below is a clear, step-by-step guide to help you through the application process, including required documents, application channels, and what to expect after submission.<br><br>---<br><br>### 1. Prepare the Required Documents<br><br>The documents you need depend on your status:<br><br>| Category             | Required Documents                                                                                 |<br>|----------------------|---------------------------------------------------------------------------------------------------|<br>| UAE Nationals        | - Original passport&lt;br&gt;- Birth certificate (for first-time applicants)&lt;br&gt;- Passport-size photo   |<br>| GCC Nationals        | - Valid passport&lt;br&gt;- Valid GCC ID card&lt;br&gt;- Proof of residency (e.g., trade licence, study certificate)&lt;br&gt;- Passport-size photo |<br>| Expatriate Residents | - Valid passport with residence permit&lt;br&gt;- Proof of residence (e.g., tenancy contract, utility bill)&lt;br&gt;- Passport-size photo |<br>| Children under 15    | - Original birth certificate&lt;br&gt;- Passports of both parents&lt;br&gt;- Passport-size photo of the child  |<br><br>&gt; Note: For newborns, you may also need the sponsor’s passport, visa, and Emirates ID (original)[^5].<br><br>---<br><br>### 2. Choose Your Application Channel<br><br>You can apply for a new Emirates ID through any of the following methods:<br><br>- Online via the Federal Authority for Identity, Citizenship, Customs and Ports Security (ICP) website or ICP mobile app.<br>- At an accredited typing centre.<br>- At Amer Centres (especially in Dubai) for in-person assistance[^2][^5].<br><br>---<br><br>### 3. Complete the Application Form<br><br>- Fill out the Emirates ID application form online or at the chosen centre.<br>- Ensure all information is accurate to avoid delays.<br><br>---<br><br>### 4. Submit Your Documents<br><br>- Submit the required documents along with your application.<br>- The staff will verify your documents before proceeding[^5].<br><br>---<br><br>### 5. Pay the Applicable Fees<br><br>- Fees vary based on the validity period (typically 1, 2, or 3 years) and your category.<br>- Example (subject to change):<br>  - 1 year: ~AED 359.75<br>  - 2 years: ~AED 459.75<br>  - 3 years: ~AED 559.75<br>  - Urgent processing: Additional AED 79[^5]<br>- Fees may differ for partners’ families and other categories.<br><br>---<br><br>### 6. Provide Biometric Data (if Required)<br><br>- First-time applicants and some renewals may need to visit an ICP service centre to provide fingerprints and a photo[^2].<br><br>---<br><br>### 7. Track Your Application<br><br>- After submission, you will receive an SMS notification regarding your application status.<br>- You can also track your application online or through the ICP app[^2][^5].<br><br>---<br><br>### 8. Collect Your Emirates ID<br><br>- Once your ID is ready, you will receive an SMS with collection instructions.<br>- Collect your Emirates ID from the designated Emirates Post office or the centre where you applied[^2][^5].<br><br>---<br><br>## Additional Tips<br><br>- The processing time is usually between 24 hours (urgent) and 5 days (standard), but this may vary[^5].<br>- Always keep your Emirates ID safe, as it is required for many official transactions in the UAE.<br>- For the latest updates or assistance, you can contact the ICP Call Centre at 6005 30003 or visit your nearest Amer Centre[^2][^5].<br><br>---<br><br>## References<br><br>[^1]: [Emirates ID official information and application process – UAE Government Portal](https://u.ae/en/information-and-services/visa-and-emirates-id/emirates-id)<br>[^2]: [ICP official services for new Emirates ID issuance](https://icp.gov.ae/en/services/interactive-services/)<br>[^3]: [Emirates ID requirements and overview – Shuraa](https://www.shuraa.com/emirates-id-requirements/)<br>[^4]: [ICP service details for new ID card issuance](https://icp.gov.ae/en/services-details/?serviceid=64afe3c1035448005bd52e5a)<br>[^5]: [Amer Centre step-by-step guide and fee details](https://amerbabalfalah.com/ourservices/new-emirates-id/)</td><td style='border:1px solid #ccc; padding:5px; vertical-align:top;'>0.98</td><td style='border:1px solid #ccc; padding:5px; vertical-align:top;'>PASS</td></tr></table><br>
<br><b>Test Result Table:</b><br><table border='1' cellspacing='0' cellpadding='5' style='width:100%; border-collapse:collapse; font-size:12px;'><tr style='background-color:#f2f2f2;'><th>Timestamp</th><th>Question</th><th>Expected</th><th>Actual</th><th>Similarity</th><th>Status</th></tr><tr style='background-color:#d4edda;'><td style='border:1px solid #ccc; padding:5px; vertical-align:top;'>2025-10-22 20:02:52</td><td style='border:1px solid #ccc; padding:5px; vertical-align:top;'>How can I apply for a new Emirates ID card?</td><td style='border:1px solid #ccc; padding:5px; vertical-align:top;'>To apply for a new Emirates ID, you need to check eligibility, submit required documents (passport or birth certificate, visa, proof of address), visit ICA website or authorized typing center, provide biometrics, pay the fee, and collect your card.</td><td style='border:1px solid #ccc; padding:5px; vertical-align:top;'>## Step-by-Step Guide: How to Apply for a New Emirates ID Card<br><br>Applying for a new Emirates ID card is a mandatory process for all UAE citizens, residents, and even newborns. Below is a clear, step-by-step guide to help you through the application process, including required documents, application channels, and what to expect after submission.<br><br>---<br><br>### 1. Prepare the Required Documents<br><br>The documents you need depend on your status:<br><br>| Category             | Required Documents                                                                                 |<br>|----------------------|---------------------------------------------------------------------------------------------------|<br>| UAE Nationals        | - Original passport&lt;br&gt;- Birth certificate (for first-time applicants)&lt;br&gt;- Passport-size photo   |<br>| GCC Nationals        | - Valid passport&lt;br&gt;- Valid GCC ID card&lt;br&gt;- Proof of residency (e.g., trade licence, study certificate)&lt;br&gt;- Passport-size photo |<br>| Expatriate Residents | - Valid passport with residence permit&lt;br&gt;- Proof of residence (e.g., tenancy contract, utility bill)&lt;br&gt;- Passport-size photo |<br>| Children under 15    | - Original birth certificate&lt;br&gt;- Passports of both parents&lt;br&gt;- Passport-size photo of the child  |<br><br>&gt; Note: For newborns, you may also need the sponsor’s passport, visa, and Emirates ID (original)[^5].<br><br>---<br><br>### 2. Choose Your Application Channel<br><br>You can apply for a new Emirates ID through any of the following methods:<br><br>- Online via the Federal Authority for Identity, Citizenship, Customs and Ports Security (ICP) website or ICP mobile app.<br>- At an accredited typing centre.<br>- At Amer Centres (especially in Dubai) for in-person assistance[^2][^5].<br><br>---<br><br>### 3. Complete the Application Form<br><br>- Fill out the Emirates ID application form online or at the chosen centre.<br>- Ensure all information is accurate to avoid delays.<br><br>---<br><br>### 4. Submit Your Documents<br><br>- Submit the required documents along with your application.<br>- The staff will verify your documents before proceeding[^5].<br><br>---<br><br>### 5. Pay the Applicable Fees<br><br>- Fees vary based on the validity period (typically 1, 2, or 3 years) and your category.<br>- Example (subject to change):<br>  - 1 year: ~AED 359.75<br>  - 2 years: ~AED 459.75<br>  - 3 years: ~AED 559.75<br>  - Urgent processing: Additional AED 79[^5]<br>- Fees may differ for partners’ families and other categories.<br><br>---<br><br>### 6. Provide Biometric Data (if Required)<br><br>- First-time applicants and some renewals may need to visit an ICP service centre to provide fingerprints and a photo[^2].<br><br>---<br><br>### 7. Track Your Application<br><br>- After submission, you will receive an SMS notification regarding your application status.<br>- You can also track your application online or through the ICP app[^2][^5].<br><br>---<br><br>### 8. Collect Your Emirates ID<br><br>- Once your ID is ready, you will receive an SMS with collection instructions.<br>- Collect your Emirates ID from the designated Emirates Post office or the centre where you applied[^2][^5].<br><br>---<br><br>## Additional Tips<br><br>- The processing time is usually between 24 hours (urgent) and 5 days (standard), but this may vary[^5].<br>- Always keep your Emirates ID safe, as it is required for many official transactions in the UAE.<br>- For the latest updates or assistance, you can contact the ICP Call Centre at 6005 30003 or visit your nearest Amer Centre[^2][^5].<br><br>---<br><br>## References<br><br>[^1]: [Emirates ID official information and application process – UAE Government Portal](https://u.ae/en/information-and-services/visa-and-emirates-id/emirates-id)<br>[^2]: [ICP official services for new Emirates ID issuance](https://icp.gov.ae/en/services/interactive-services/)<br>[^3]: [Emirates ID requirements and overview – Shuraa](https://www.shuraa.com/emirates-id-requirements/)<br>[^4]: [ICP service details for new ID card issuance](https://icp.gov.ae/en/services-details/?serviceid=64afe3c1035448005bd52e5a)<br>[^5]: [Amer Centre step-by-step guide and fee details](https://amerbabalfalah.com/ourservices/new-emirates-id/)</td><td style='border:1px solid #ccc; padding:5px; vertical-align:top;'>0.98</td><td style='border:1px solid #ccc; padding:5px; vertical-align:top;'>PASS</td></tr></table><br>]]>
  </system-out>
</testsuite> <!-- com.uask.tests.ChatAPITest -->
